<?xml version="1.0" encoding="UTF-8"?>
<testng-results skipped="0" failed="0" total="2" passed="2">
  <reporter-output>
  </reporter-output>
  <suite name="Default suite" duration-ms="11774" started-at="2019-07-30T22:51:57Z" finished-at="2019-07-30T22:52:09Z">
    <groups>
    </groups>
    <test name="Default test" duration-ms="11774" started-at="2019-07-30T22:51:57Z" finished-at="2019-07-30T22:52:09Z">
      <class name="com.monster.test.LoginTest">
        <test-method status="PASS" signature="setUpSuite()[pri:0, instance:com.monster.test.LoginTest@58651fd0]" name="setUpSuite" is-config="true" duration-ms="611" started-at="2019-07-30T15:51:56Z" finished-at="2019-07-30T15:51:57Z">
          <reporter-output>
          </reporter-output>
        </test-method> <!-- setUpSuite -->
        <test-method status="PASS" signature="setUp()[pri:0, instance:com.monster.test.LoginTest@58651fd0]" name="setUp" is-config="true" duration-ms="6860" started-at="2019-07-30T15:51:57Z" finished-at="2019-07-30T15:52:04Z">
          <reporter-output>
          </reporter-output>
        </test-method> <!-- setUp -->
        <test-method status="PASS" signature="checkValidLogin(java.lang.String, java.lang.String)[pri:0, instance:com.monster.test.LoginTest@58651fd0]" name="checkValidLogin" duration-ms="2535" started-at="2019-07-30T15:52:04Z" data-provider="invalidCred" finished-at="2019-07-30T15:52:06Z">
          <params>
            <param index="0">
              <value>
                <![CDATA[roshmika]]>
              </value>
            </param>
            <param index="1">
              <value>
                <![CDATA[pwd123]]>
              </value>
            </param>
          </params>
          <reporter-output>
          </reporter-output>
        </test-method> <!-- checkValidLogin -->
        <test-method status="PASS" signature="checkValidLogin(java.lang.String, java.lang.String)[pri:0, instance:com.monster.test.LoginTest@58651fd0]" name="checkValidLogin" duration-ms="2162" started-at="2019-07-30T15:52:06Z" data-provider="invalidCred" finished-at="2019-07-30T15:52:08Z">
          <params>
            <param index="0">
              <value>
                <![CDATA[babai]]>
              </value>
            </param>
            <param index="1">
              <value>
                <![CDATA[pwd1234]]>
              </value>
            </param>
          </params>
          <reporter-output>
          </reporter-output>
        </test-method> <!-- checkValidLogin -->
        <test-method status="PASS" signature="tearDown()[pri:0, instance:com.monster.test.LoginTest@58651fd0]" name="tearDown" is-config="true" duration-ms="168" started-at="2019-07-30T15:52:08Z" finished-at="2019-07-30T15:52:09Z">
          <reporter-output>
          </reporter-output>
        </test-method> <!-- tearDown -->
      </class> <!-- com.monster.test.LoginTest -->
    </test> <!-- Default test -->
  </suite> <!-- Default suite -->
</testng-results>
