<?xml version="1.0" encoding="UTF-8"?>
<testng-results skipped="0" failed="0" total="2" passed="2">
  <reporter-output>
  </reporter-output>
  <suite name="Regression1" duration-ms="5890" started-at="2019-07-29T22:19:24Z" finished-at="2019-07-29T22:19:30Z">
    <groups>
    </groups>
    <test name="FBTest" duration-ms="5890" started-at="2019-07-29T22:19:24Z" finished-at="2019-07-29T22:19:30Z">
      <class name="com.facebook.test.LoginTest">
        <test-method status="PASS" signature="setUpSuite()[pri:0, instance:com.facebook.test.LoginTest@58651fd0]" name="setUpSuite" is-config="true" duration-ms="553" started-at="2019-07-29T15:19:23Z" finished-at="2019-07-29T15:19:24Z">
          <reporter-output>
          </reporter-output>
        </test-method> <!-- setUpSuite -->
        <test-method status="PASS" signature="setUp()[pri:0, instance:com.facebook.test.LoginTest@58651fd0]" name="setUp" is-config="true" duration-ms="4994" started-at="2019-07-29T15:19:24Z" finished-at="2019-07-29T15:19:29Z">
          <reporter-output>
          </reporter-output>
        </test-method> <!-- setUp -->
        <test-method status="PASS" signature="checkValidLogin(java.lang.String, java.lang.String)[pri:0, instance:com.facebook.test.LoginTest@58651fd0]" name="checkValidLogin" duration-ms="438" started-at="2019-07-29T15:19:29Z" data-provider="invalidCred" finished-at="2019-07-29T15:19:29Z">
          <params>
            <param index="0">
              <value>
                <![CDATA[roshmika]]>
              </value>
            </param>
            <param index="1">
              <value>
                <![CDATA[roshmika]]>
              </value>
            </param>
          </params>
          <reporter-output>
          </reporter-output>
        </test-method> <!-- checkValidLogin -->
        <test-method status="PASS" signature="checkValidLogin(java.lang.String, java.lang.String)[pri:0, instance:com.facebook.test.LoginTest@58651fd0]" name="checkValidLogin" duration-ms="248" started-at="2019-07-29T15:19:29Z" data-provider="invalidCred" finished-at="2019-07-29T15:19:30Z">
          <params>
            <param index="0">
              <value>
                <![CDATA[babai]]>
              </value>
            </param>
            <param index="1">
              <value>
                <![CDATA[babai]]>
              </value>
            </param>
          </params>
          <reporter-output>
          </reporter-output>
        </test-method> <!-- checkValidLogin -->
        <test-method status="PASS" signature="tearDown()[pri:0, instance:com.facebook.test.LoginTest@58651fd0]" name="tearDown" is-config="true" duration-ms="168" started-at="2019-07-29T15:19:30Z" finished-at="2019-07-29T15:19:30Z">
          <reporter-output>
          </reporter-output>
        </test-method> <!-- tearDown -->
      </class> <!-- com.facebook.test.LoginTest -->
    </test> <!-- FBTest -->
  </suite> <!-- Regression1 -->
</testng-results>
